"../../../../../../Users/brian/Documents/Fanview projects/Current/OGN Map Unreal/OGNMap/Content/Blueprints/CustomGameMode.uasset" 0
"../../../../../../Users/brian/Documents/Fanview projects/Current/OGN Map Unreal/OGNMap/Content/MayaMap/ogn_map_maya/bark1.uasset" 1
"../../../../../../Users/brian/Documents/Fanview projects/Current/OGN Map Unreal/OGNMap/Content/MayaMap/ogn_map_maya/bark2.uasset" 2
"../../../../../../Users/brian/Documents/Fanview projects/Current/OGN Map Unreal/OGNMap/Content/MayaMap/ogn_map_maya/bark3.uasset" 3
"../../../../../../Users/brian/Documents/Fanview projects/Current/OGN Map Unreal/OGNMap/Content/MayaMap/ogn_map_maya/bark4.uasset" 4
"../../../../../../Users/brian/Documents/Fanview projects/Current/OGN Map Unreal/OGNMap/Content/MayaMap/ogn_map_maya/fjord_cloudy_sainte-rose-du-nord_canada_3k.uasset" 5
"../../../../../../Users/brian/Documents/Fanview projects/Current/OGN Map Unreal/OGNMap/Content/MayaMap/ogn_map_maya/leafs1.uasset" 6
"../../../../../../Users/brian/Documents/Fanview projects/Current/OGN Map Unreal/OGNMap/Content/MayaMap/ogn_map_maya/leafs2.uasset" 7
"../../../../../../Users/brian/Documents/Fanview projects/Current/OGN Map Unreal/OGNMap/Content/MayaMap/ogn_map_maya/leafs3.uasset" 8
"../../../../../../Users/brian/Documents/Fanview projects/Current/OGN Map Unreal/OGNMap/Content/MayaMap/ogn_map_maya/leafs4.uasset" 9
"../../../../../../Users/brian/Documents/Fanview projects/Current/OGN Map Unreal/OGNMap/Content/MayaMap/ogn_map_maya/ROCK-02_200cm_Depth_4k.uasset" 10
"../../../../../../Users/brian/Documents/Fanview projects/Current/OGN Map Unreal/OGNMap/Content/WaterPlane/Ocean/Materials/FakedCaustics.uasset" 11
"../../../../../../Users/brian/Documents/Fanview projects/Current/OGN Map Unreal/OGNMap/Content/WaterPlane/Ocean/Textures/T_MicroWaves_N.uasset" 12
"../../../../../../Users/brian/Documents/Fanview projects/Current/OGN Map Unreal/OGNMap/Content/WaterPlane/Ocean/Textures/T_OceanFoam_01.uasset" 13
"../../../Engine/Content/Functions/Engine_MaterialFunctions01/Opacity/CameraDepthFade.uasset" 14
"../../../Engine/Content/EngineMaterials/T_Default_Material_Grid_M.uasset" 15
"../../../Engine/Content/EngineMaterials/T_Default_Material_Grid_N.uasset" 16
"../../../Engine/Content/EngineMaterials/WorldGridMaterial.uasset" 17
"../../../Engine/Content/ArtTools/RenderToTexture/Meshes/S_1_Unit_Plane.uasset" 18
"../../../Engine/Content/EngineMaterials/DefaultMaterial.uasset" 19
"../../../Engine/Content/BasicShapes/Cone.uasset" 20
"../../../Engine/Content/BasicShapes/Cube.uasset" 21
"../../../Engine/Content/BasicShapes/Cylinder.uasset" 22
"../../../Engine/Content/BasicShapes/Plane.uasset" 23
"../../../Engine/Content/BasicShapes/Sphere.uasset" 24
"../../../Engine/Content/EditorLandscapeResources/DataLayer.uasset" 25
"../../../Engine/Content/EditorMaterials/GizmoMaterial.uasset" 26
"../../../Engine/Content/EditorMaterials/MAT_Groups_Toggle.uasset" 27
"../../../Engine/Content/EditorMaterials/MAT_Groups_Visibility.uasset" 28
"../../../Engine/Content/EditorMaterials/PreviewShadowIndicator.uasset" 29
"../../../Engine/Content/EditorMaterials/PreviewShadowIndicatorMaterial.uasset" 30
"../../../Engine/Content/EditorMaterials/MatineeGroups/MAT_ColorTrack.uasset" 31
"../../../Engine/Content/EditorMaterials/MatineeGroups/MAT_Groups_Anim.uasset" 32
"../../../Engine/Content/EditorMaterials/MatineeGroups/MAT_Groups_AudioMaster.uasset" 33
"../../../Engine/Content/EditorMaterials/MatineeGroups/MAT_Groups_Director.uasset" 34
"../../../Engine/Content/EditorMaterials/MatineeGroups/MAT_Groups_Event.uasset" 35
"../../../Engine/Content/EditorMaterials/MatineeGroups/MAT_Groups_Fade.uasset" 36
"../../../Engine/Content/EditorMaterials/MatineeGroups/MAT_Groups_Float.uasset" 37
"../../../Engine/Content/EditorMaterials/MatineeGroups/MAT_Groups_Move.uasset" 38
"../../../Engine/Content/EditorMaterials/MatineeGroups/MAT_Groups_Slomo.uasset" 39
"../../../Engine/Content/EditorMaterials/MatineeGroups/MAT_Groups_Sound.uasset" 40
"../../../Engine/Content/EditorMaterials/MatineeGroups/MAT_Groups_Vector.uasset" 41
"../../../Engine/Content/EditorMaterials/ParticleSystems/PSysThumbnail_NoImage.uasset" 42
"../../../Engine/Content/EditorMaterials/ParticleSystems/PSysThumbnail_OOD.uasset" 43
"../../../Engine/Content/EditorMaterials/Camera/CineMat.uasset" 44
"../../../Engine/Content/EditorMaterials/Camera/MI_CineMat_Rig.uasset" 45
"../../../Engine/Content/EditorMeshes/Camera/SM_CraneRig_Arm.uasset" 46
"../../../Engine/Content/EditorMeshes/Camera/SM_CraneRig_Base.uasset" 47
"../../../Engine/Content/EditorMeshes/Camera/SM_CraneRig_Body.uasset" 48
"../../../Engine/Content/EditorMeshes/Camera/SM_CraneRig_Mount.uasset" 49
"../../../Engine/Content/EditorMeshes/Camera/SM_RailRig_Mount.uasset" 50
"../../../Engine/Content/EditorMeshes/Camera/SM_RailRig_Track.uasset" 51
"../../../Engine/Content/EditorResources/BSPVertex.uasset" 52
"../../../Engine/Content/EditorResources/EmptyActor.uasset" 53
"../../../Engine/Content/EditorResources/S_Actor.uasset" 54
"../../../Engine/Content/EditorResources/S_Trigger.uasset" 55
"../../../Engine/Content/EditorResources/LightIcons/S_LightError.uasset" 56
"../../../Engine/Content/EditorResources/SequenceRecorder/Countdown.uasset" 57
"../../../Engine/Content/EditorResources/SequenceRecorder/RecordingIndicator.uasset" 58
"../../../Engine/Content/EditorSounds/Notifications/CompileFailed.uasset" 59
"../../../Engine/Content/EditorSounds/Notifications/CompileFailed_Cue.uasset" 60
"../../../Engine/Content/EditorSounds/Notifications/CompileSuccess.uasset" 61
"../../../Engine/Content/EditorSounds/Notifications/CompileStart_Cue.uasset" 62
"../../../Engine/Content/EditorSounds/Notifications/CompileSuccess_Cue.uasset" 63
"../../../Engine/Content/EngineDamageTypes/DmgTypeBP_Environmental.uasset" 64
"../../../Engine/Content/EngineDebugMaterials/HeatmapGradient.uasset" 65
"../../../Engine/Content/EngineDebugMaterials/BoneWeightMaterial.uasset" 66
"../../../Engine/Content/EngineDebugMaterials/ClothMaterial.uasset" 67
"../../../Engine/Content/EngineDebugMaterials/ClothMaterial_WF.uasset" 68
"../../../Engine/Content/EngineDebugMaterials/DebugEditorMaterial.uasset" 69
"../../../Engine/Content/EngineDebugMaterials/DebugMeshMaterial.uasset" 70
"../../../Engine/Content/EngineDebugMaterials/GeomMaterial.uasset" 71
"../../../Engine/Content/EngineDebugMaterials/M_SimpleTranslucent.uasset" 72
"../../../Engine/Content/EngineFonts/Faces/RobotoBold.uasset" 73
"../../../Engine/Content/EngineFonts/Faces/RobotoBoldItalic.uasset" 74
"../../../Engine/Content/EngineFonts/Faces/RobotoItalic.uasset" 75
"../../../Engine/Content/EngineFonts/Faces/RobotoLight.uasset" 76
"../../../Engine/Content/EngineFonts/Faces/RobotoRegular.uasset" 77
"../../../Engine/Content/EngineFonts/Roboto.uasset" 78
"../../../Engine/Content/EngineFonts/Faces/RobotoTiny.uasset" 79
"../../../Engine/Content/EngineFonts/RobotoTiny.uasset" 80
"../../../Engine/Content/EngineMaterials/BaseFlattenDiffuseMap.uasset" 81
"../../../Engine/Content/EngineMaterials/BaseFlattenEmissiveMap.uasset" 82
"../../../Engine/Content/EngineMaterials/BaseFlattenGrayscaleMap.uasset" 83
"../../../Engine/Content/EngineMaterials/BaseFlattenNormalMap.uasset" 84
"../../../Engine/Content/EngineMaterials/BaseFlattenMaterial.uasset" 85
"../../../Engine/Content/EngineMaterials/DefaultBloomKernel.uasset" 86
"../../../Engine/Content/EngineMaterials/DefaultBokeh.uasset" 87
"../../../Engine/Content/EngineMaterials/DefaultDiffuse.uasset" 88
"../../../Engine/Content/EngineMaterials/DefaultDeferredDecalMaterial.uasset" 89
"../../../Engine/Content/EngineMaterials/DefaultLightFunctionMaterial.uasset" 90
"../../../Engine/Content/EngineMaterials/DefaultPhysicalMaterial.uasset" 91
"../../../Engine/Content/Functions/Engine_MaterialFunctions02/Utility/BreakOutFloat2Components.uasset" 92
"../../../Engine/Content/EngineMaterials/DefaultPostProcessMaterial.uasset" 93
"../../../Engine/Content/EngineFonts/RobotoDistanceField.uasset" 94
"../../../Engine/Content/EngineMaterials/DefaultTextMaterialOpaque.uasset" 95
"../../../Engine/Content/EngineMaterials/DefaultWhiteGrid.uasset" 96
"../../../Engine/Content/EngineMaterials/EditorBrushMaterial.uasset" 97
"../../../Engine/Content/EngineMaterials/Good64x64TilingNoiseHighFreq.uasset" 98
"../../../Engine/Content/EngineMaterials/MiniFont.uasset" 99
"../../../Engine/Content/EngineMaterials/InvalidLightmapSettings.uasset" 100
"../../../Engine/Content/EngineMaterials/M_InvalidLightmapSettings.uasset" 101
"../../../Engine/Content/Functions/Engine_MaterialFunctions02/WorldPositionOffset/CameraOffset.uasset" 102
"../../../Engine/Content/EngineMaterials/PhAT_JointLimitMaterial.uasset" 103
"../../../Engine/Content/EngineMaterials/PreintegratedSkinBRDF.uasset" 104
"../../../Engine/Content/EngineMaterials/RemoveSurfaceMaterial.uasset" 105
"../../../Engine/Content/EngineMaterials/WeightMapPlaceholderTexture.uasset" 106
"../../../Engine/Content/EngineResources/WhiteSquareTexture.uasset" 107
"../../../Engine/Content/EngineMaterials/Widget3DPassThrough.uasset" 108
"../../../Engine/Content/EngineMaterials/Widget3DPassThrough_Masked.uasset" 109
"../../../Engine/Content/EngineMaterials/Widget3DPassThrough_Opaque.uasset" 110
"../../../Engine/Content/EngineMaterials/Widget3DPassThrough_Masked_OneSided.uasset" 111
"../../../Engine/Content/EngineMaterials/Widget3DPassThrough_Opaque_OneSided.uasset" 112
"../../../Engine/Content/EngineMaterials/Widget3DPassThrough_Translucent.uasset" 113
"../../../Engine/Content/EngineMaterials/Widget3DPassThrough_Translucent_OneSided.uasset" 114
"../../../Engine/Content/EngineMeshes/Cylinder.uasset" 115
"../../../Engine/Content/EngineMeshes/Sphere.uasset" 116
"../../../Engine/Content/EngineResources/Black.uasset" 117
"../../../Engine/Content/EngineResources/DefaultTexture.uasset" 118
"../../../Engine/Content/EngineResources/DefaultTextureCube.uasset" 119
"../../../Engine/Content/EngineResources/DefaultVolumeTexture2D.uasset" 120
"../../../Engine/Content/EngineResources/DefaultVolumeTexture.uasset" 121
"../../../Engine/Content/EngineResources/GradientTexture0.uasset" 122
"../../../Engine/Content/EngineSounds/Master.uasset" 123
"../../../Engine/Content/Functions/Engine_MaterialFunctions01/Shading/ConvertFromDiffSpec.uasset" 124
"../../../Engine/Content/Functions/Engine_MaterialFunctions01/Shading/PowerToRoughness.uasset" 125
"../../../Engine/Content/Maps/Templates/Thumbnails/Default.uasset" 126
"../../../Engine/Content/Maps/Templates/Thumbnails/VR-Basic.uasset" 127
"../../../Engine/Content/MobileResources/T_MobileControls_texture.uasset" 128
"../../../Engine/Content/MobileResources/T_MobileMenu2.uasset" 129
"../../../Engine/Content/MobileResources/HUD/AnalogHat.uasset" 130
"../../../Engine/Content/MobileResources/HUD/VirtualJoystick_Background.uasset" 131
"../../../Engine/Content/MobileResources/HUD/VirtualJoystick_Thumb.uasset" 132
"../../../Engine/Content/MobileResources/HUD/DefaultVirtualJoysticks.uasset" 133
"../../../Engine/Content/MobileResources/HUD/LeftVirtualJoystickOnly.uasset" 134
"../../../Engine/Content/MobileResources/HUD/MobileHUDButton1_off.uasset" 135
"../../../Engine/Content/MobileResources/HUD/MobileHUDButton1_on.uasset" 136
"../../../Engine/Content/MobileResources/HUD/MobileHUDButton2_off.uasset" 137
"../../../Engine/Content/MobileResources/HUD/MobileHUDButton2_on.uasset" 138
"../../../Engine/Content/MobileResources/HUD/MobileHUDButton3.uasset" 139
"../../../Engine/Content/MobileResources/HUD/MobileHUDButtonFire.uasset" 140
"../../../Engine/Content/MobileResources/HUD/MobileHUDDirectionPad.uasset" 141
"../../../Engine/Content/MobileResources/HUD/MobileHUDDirectionPad2.uasset" 142
"../../../Engine/Content/MobileResources/HUD/MobileHUDDirectionPad3.uasset" 143
"../../../Engine/Content/MobileResources/HUD/MobileHUDDirectionStick.uasset" 144
"../../../Engine/Content/MobileResources/HUD/T_Castle_ThumbstickInner.uasset" 145
"../../../Engine/Content/MobileResources/HUD/T_Castle_ThumbstickOutter.uasset" 146
"../../../Engine/Content/Tutorial/ContentIntroCurve.uasset" 147
"../../../Engine/Content/VREditor/LaserPointer/VR_LaserPower_01.uasset" 148
"../../../Engine/Content/VREditor/TransformGizmo/TransformGizmoMaterial.uasset" 149
"../../../Engine/Content/VREditor/TransformGizmo/TranslucentTransformGizmoMaterial.uasset" 150
"../../../Engine/Content/VREditor/TransformGizmo/BoundingBoxCorner.uasset" 151
"../../../Engine/Content/VREditor/TransformGizmo/BoundingBoxEdge.uasset" 152
"../../../Engine/Content/VREditor/TransformGizmo/PlaneTranslationHandle.uasset" 153
"../../../Engine/Content/VREditor/TransformGizmo/Main.uasset" 154
"../../../Engine/Content/VREditor/TransformGizmo/Xray.uasset" 155
"../../../Engine/Content/VREditor/TransformGizmo/SM_Sequencer_Key.uasset" 156
"../../../Engine/Content/VREditor/TransformGizmo/SM_Sequencer_Node.uasset" 157
"../../Plugins/2D/Paper2D/Content/PlaceholderTextures/DummySpriteTexture.uasset" 158
"../../Plugins/2D/Paper2D/Content/DummySprite.uasset" 159
"../../Plugins/2D/Paper2D/Content/DefaultPaperTerrainMaterial.uasset" 160
"../../Plugins/2D/Paper2D/Content/DefaultSpriteMaterial.uasset" 161
"../../Plugins/2D/Paper2D/Content/MaskedUnlitSpriteMaterial.uasset" 162
"../../Plugins/2D/Paper2D/Content/OpaqueUnlitSpriteMaterial.uasset" 163
"../../Plugins/Runtime/Oculus/OculusVR/Content/Materials/PokeAHoleMaterial.uasset" 164
"../../Plugins/Runtime/Oculus/OculusVR/Content/Textures/GearVRController_AO.uasset" 165
"../../Plugins/Runtime/Oculus/OculusVR/Content/Textures/GearVRController_Color.uasset" 166
"../../Plugins/Runtime/Oculus/OculusVR/Content/Textures/GearVRController_Normal.uasset" 167
"../../Plugins/Runtime/Oculus/OculusVR/Content/Materials/GearVRControllerMaterial.uasset" 168
"../../Plugins/Runtime/Oculus/OculusVR/Content/Meshes/GearVrController.uasset" 169
"../../Plugins/Runtime/Oculus/OculusVR/Content/Textures/touchController_albedo.uasset" 170
"../../Plugins/Runtime/Oculus/OculusVR/Content/Textures/touchController_controlmap.uasset" 171
"../../Plugins/Runtime/Oculus/OculusVR/Content/Materials/touchController_mat.uasset" 172
"../../Plugins/Runtime/Oculus/OculusVR/Content/Meshes/LeftTouchController.uasset" 173
"../../Plugins/Runtime/Oculus/OculusVR/Content/Meshes/RiftHMD.uasset" 174
"../../Plugins/Runtime/Oculus/OculusVR/Content/Meshes/RightTouchController.uasset" 175
"../../../Engine/Content/EditorBlueprintResources/StandardMacros.uasset" 176
"../../../Engine/Content/EngineSky/C_Sky_Cloud_Color.uasset" 177
"../../../Engine/Content/EngineSky/C_Sky_Horizon_Color.uasset" 178
"../../../Engine/Content/EngineSky/C_Sky_Zenith_Color.uasset" 179
"../../../Engine/Content/EngineSky/T_Sky_Blue.uasset" 180
"../../../Engine/Content/EngineSky/T_Sky_Clouds_M.uasset" 181
"../../../Engine/Content/EngineSky/T_Sky_Stars.uasset" 182
"../../../Engine/Content/EngineSky/M_Sky_Panning_Clouds2.uasset" 183
"../../../Engine/Content/EngineSky/SM_SkySphere.uasset" 184
"../../../Engine/Content/EngineSky/BP_Sky_Sphere.uasset" 185
"../../../../../../Users/brian/Documents/Fanview projects/Current/OGN Map Unreal/OGNMap/Content/CustomPawn.uasset" 186
"../../../../../../Users/brian/Documents/Fanview projects/Current/OGN Map Unreal/OGNMap/Content/OGN_Map_BuiltData.uasset" 187
"../../../Engine/Content/Functions/Engine_MaterialFunctions03/ComplexMotion/Motion_4WayChaos.uasset" 188
"../../../Engine/Content/Engine_MI_Shaders/T_Base_Tile_Normal.uasset" 189
"../../../Engine/Content/Functions/Engine_MaterialFunctions03/ComplexMotion/Motion_4WayChaos_Normal.uasset" 190
"../../../Engine/Content/MapTemplates/Sky/DaylightAmbientCubemap.uasset" 191
"../../../../../../Users/brian/Documents/Fanview projects/Current/OGN Map Unreal/OGNMap/Content/WaterPlane/Lake/Textures/T_SmallWaves_N.uasset" 192
"../../../../../../Users/brian/Documents/Fanview projects/Current/OGN Map Unreal/OGNMap/Content/WaterPlane/Ocean/Materials/OceanWater_SS.uasset" 193
"../../../../../../Users/brian/Documents/Fanview projects/Current/OGN Map Unreal/OGNMap/Content/WaterPlane/Ocean/Textures/T_LargeWaves_H.uasset" 194
"../../../../../../Users/brian/Documents/Fanview projects/Current/OGN Map Unreal/OGNMap/Content/WaterPlane/Ocean/Textures/T_LargeWaves_N.uasset" 195
"../../../../../../Users/brian/Documents/Fanview projects/Current/OGN Map Unreal/OGNMap/Content/WaterPlane/Ocean/Textures/T_Seafoam_01.uasset" 196
"../../../../../../Users/brian/Documents/Fanview projects/Current/OGN Map Unreal/OGNMap/Content/WaterPlane/Ocean/Materials/M_OceanWater_1.uasset" 197
"../../../../../../Users/brian/Documents/Fanview projects/Current/OGN Map Unreal/OGNMap/Content/WaterPlane/Ocean/Materials/M_OceanWater_1_Inst.uasset" 198
"../../../Engine/Content/Functions/Engine_MaterialFunctions01/Texturing/FlattenNormal.uasset" 199
"../../../../../../Users/brian/Documents/Fanview projects/Current/OGN Map Unreal/OGNMap/Content/MayaMap/ogn_map_maya/Map_Erangel_Xtras4.uasset" 200
"../../../../../../Users/brian/Documents/Fanview projects/Current/OGN Map Unreal/OGNMap/Content/MayaMap/ogn_map_maya/pubg_erangel_normal_rg8_lod0.uasset" 201
"../../../../../../Users/brian/Documents/Fanview projects/Current/OGN Map Unreal/OGNMap/Content/MayaMap/ogn_map_maya/Erangel_N_Map.uasset" 202
"../../../../../../Users/brian/Documents/Fanview projects/Current/OGN Map Unreal/OGNMap/Content/MayaMap/ogn_map_maya/ognMaya_Heightmap.uasset" 203
"../../../../../../Users/brian/Documents/Fanview projects/Current/OGN Map Unreal/OGNMap/Content/MayaMap/ogn_map_maya/s_HouseBlock_01.uasset" 204
"../../../../../../Users/brian/Documents/Fanview projects/Current/OGN Map Unreal/OGNMap/Content/MayaMap/ogn_map_maya/s_HouseBlock_01_ncl1_1.uasset" 205
"../../../../../../Users/brian/Documents/Fanview projects/Current/OGN Map Unreal/OGNMap/Content/MayaMap/ogn_map_maya/s_HouseBlock_01_ncl1_2.uasset" 206
"../../../../../../Users/brian/Documents/Fanview projects/Current/OGN Map Unreal/OGNMap/Content/MayaMap/ogn_map_maya/s_HouseRoof_01.uasset" 207
"../../../../../../Users/brian/Documents/Fanview projects/Current/OGN Map Unreal/OGNMap/Content/MayaMap/ogn_map_maya/s_HouseRoof_02.uasset" 208
"../../../../../../Users/brian/Documents/Fanview projects/Current/OGN Map Unreal/OGNMap/Content/MayaMap/ogn_map_maya/s_Window.uasset" 209
"../../../../../../Users/brian/Documents/Fanview projects/Current/OGN Map Unreal/OGNMap/Content/MayaMap/ogn_map_maya/ognMaya_HouseBlock_02_19.uasset" 210
"../../../../../../Users/brian/Documents/Fanview projects/Current/OGN Map Unreal/OGNMap/Content/MayaMap/ogn_map_maya/Sea_Turbulence.uasset" 211
"../../../../../../Users/brian/Documents/Fanview projects/Current/OGN Map Unreal/OGNMap/Content/MayaMap/ogn_map_maya/ognMaya_Ocean_PunchOut.uasset" 212
"../../../../../../Users/brian/Documents/Fanview projects/Current/OGN Map Unreal/OGNMap/Content/MayaMap/ogn_map_maya/Pylon_Steel.uasset" 213
"../../../../../../Users/brian/Documents/Fanview projects/Current/OGN Map Unreal/OGNMap/Content/MayaMap/ogn_map_maya/ognMaya_Pylon_Cloner_Spline_04.uasset" 214
"../../../../../../Users/brian/Documents/Fanview projects/Current/OGN Map Unreal/OGNMap/Content/MayaMap/ogn_map_maya/s_Tower_Base.uasset" 215
"../../../../../../Users/brian/Documents/Fanview projects/Current/OGN Map Unreal/OGNMap/Content/MayaMap/ogn_map_maya/s_Tower_Grey.uasset" 216
"../../../../../../Users/brian/Documents/Fanview projects/Current/OGN Map Unreal/OGNMap/Content/MayaMap/ogn_map_maya/s_Tower_Red.uasset" 217
"../../../../../../Users/brian/Documents/Fanview projects/Current/OGN Map Unreal/OGNMap/Content/MayaMap/ogn_map_maya/S_Tower_White.uasset" 218
"../../../../../../Users/brian/Documents/Fanview projects/Current/OGN Map Unreal/OGNMap/Content/MayaMap/ogn_map_maya/ognMaya_TeleComm_Tower.uasset" 219
"../../../../../../Users/brian/Documents/Fanview projects/Current/OGN Map Unreal/OGNMap/Content/MayaMap/ogn_map_maya/Mat.uasset" 220
"../../../../../../Users/brian/Documents/Fanview projects/Current/OGN Map Unreal/OGNMap/Content/MayaMap/ogn_map_maya/ognMaya_Tree_DISP_Base_REDUCE_1.uasset" 221
"../../../../../../Users/brian/Documents/Fanview projects/Current/OGN Map Unreal/OGNMap/Content/OGN_Map.umap" 222
"../../../../../../Users/brian/Documents/Fanview projects/Current/OGN Map Unreal/OGNMap/Content/WaterPlane/Lake/Textures/T_MediumWaves_H.uasset" 223
"../../../../../../Users/brian/Documents/Fanview projects/Current/OGN Map Unreal/OGNMap/Content/WaterPlane/Lake/Textures/T_MediumWaves_N.uasset" 224
"../../../../../../Users/brian/Documents/Fanview projects/Current/OGN Map Unreal/OGNMap/Content/WaterPlane/Lake/Materials/M_LakeWater_01.uasset" 225
"../../../../../../Users/brian/Documents/Fanview projects/Current/OGN Map Unreal/OGNMap/Content/WaterPlane/Lake/Materials/M_LakeWater_01_Inst.uasset" 226
"../../../../../../Users/brian/Documents/Fanview projects/Current/OGN Map Unreal/OGNMap/Content/WaterPlane/Meshes/SM_OceanWater.uasset" 227
"../../../../../../Users/brian/Documents/Fanview projects/Current/OGN Map Unreal/OGNMap/Content/WaterPlane/Lake/Blueprint/BP_LakeWater.uasset" 228
"../../../Engine/Content/MapTemplates/Sky/Desert_Outer_HDR.uasset" 229
"../../../Engine/Content/Functions/Engine_MaterialFunctions02/Utility/BlendAngleCorrectedNormals.uasset" 230
"../../../../../../Users/brian/Documents/Fanview projects/Current/OGN Map Unreal/OGNMap/Content/WaterPlane/Environment/Textures/T_Detail_Rocky_N.uasset" 231
"../../../../../../Users/brian/Documents/Fanview projects/Current/OGN Map Unreal/OGNMap/Content/WaterPlane/Environment/Textures/T_Rock_Basalt_D.uasset" 232
"../../../../../../Users/brian/Documents/Fanview projects/Current/OGN Map Unreal/OGNMap/Content/WaterPlane/Environment/Textures/T_RockMesh_M.uasset" 233
"../../../../../../Users/brian/Documents/Fanview projects/Current/OGN Map Unreal/OGNMap/Content/WaterPlane/Environment/Textures/T_RockMesh_N.uasset" 234
"../../../../../../Users/brian/Documents/Fanview projects/Current/OGN Map Unreal/OGNMap/Content/WaterPlane/Environment/Props/Materials/M_Rock.uasset" 235
"../../../../../../Users/brian/Documents/Fanview projects/Current/OGN Map Unreal/OGNMap/Content/WaterPlane/Environment/Props/SM_Rock.uasset" 236
"../../../../../../Users/brian/Documents/Fanview projects/Current/OGN Map Unreal/OGNMap/Content/WaterPlane/Maps/LakeWater_Example.umap" 237
"../../../../../../Users/brian/Documents/Fanview projects/Current/OGN Map Unreal/OGNMap/Content/WaterPlane/Ocean/Blueprint/BP_OceanWater.uasset" 238
"../../../../../../Users/brian/Documents/Fanview projects/Current/OGN Map Unreal/OGNMap/Content/WaterPlane/Maps/OceanWater_Example.umap" 239
"../../../../../../Users/brian/Documents/Fanview projects/Current/OGN Map Unreal/OGNMap/Content/WaterPlane/Environment/HDRI/HDRI_Epic_Courtyard_Daylight.uasset" 240
"../../../../../../Users/brian/Documents/Fanview projects/Current/OGN Map Unreal/OGNMap/Content/WaterPlane/Translucent/Materials/M_TranslucentWater.uasset" 241
"../../../../../../Users/brian/Documents/Fanview projects/Current/OGN Map Unreal/OGNMap/Content/WaterPlane/Translucent/Materials/M_TranslucentWater_Inst.uasset" 242
"../../../../../../Users/brian/Documents/Fanview projects/Current/OGN Map Unreal/OGNMap/Content/WaterPlane/Translucent/Blueprint/BP_TranslucentWater.uasset" 243
"../../../../../../Users/brian/Documents/Fanview projects/Current/OGN Map Unreal/OGNMap/Content/WaterPlane/Environment/Textures/T_MacroVariation.uasset" 244
"../../../../../../Users/brian/Documents/Fanview projects/Current/OGN Map Unreal/OGNMap/Content/WaterPlane/Environment/Textures/T_Perlin_Noise_M.uasset" 245
"../../../../../../Users/brian/Documents/Fanview projects/Current/OGN Map Unreal/OGNMap/Content/WaterPlane/Environment/Textures/T_Rock_Basalt_N.uasset" 246
"../../../../../../Users/brian/Documents/Fanview projects/Current/OGN Map Unreal/OGNMap/Content/WaterPlane/Environment/Materials/M_Rock_Basalt.uasset" 247
"../../../../../../Users/brian/Documents/Fanview projects/Current/OGN Map Unreal/OGNMap/Content/WaterPlane/Maps/TranslucentWater_Example.umap" 248
"../../../Engine/Content/Maps/Entry_BuiltData.uasset" 249
"../../../Engine/Content/Maps/Entry.umap" 250
"../../../Engine/Content/Maps/Templates/Template_Default_BuiltData.uasset" 251
"../../../Engine/Content/MapTemplates/SM_Template_Map_Floor.uasset" 252
"../../../Engine/Content/Maps/Templates/Template_Default.umap" 253
